This file contains any messages produced by compilers while
running configure, to aid debugging if configure makes a mistake.

It was created by gflags configure 2.0, which was
generated by GNU Autoconf 2.62.  Invocation command line was

  $ ./configure 

## --------- ##
## Platform. ##
## --------- ##

hostname = tmroeder-loaner2
uname -m = x86_64
uname -r = 3.7.6
uname -s = Linux
uname -v = #1 SMP Fri Feb 8 09:11:43 PST 2013

/usr/bin/uname -p = unknown
/bin/uname -X     = unknown

/bin/arch              = unknown
/usr/bin/arch -k       = unknown
/usr/convex/getsysinfo = unknown
/usr/bin/hostinfo      = unknown
/bin/machine           = unknown
/usr/bin/oslevel       = unknown
/bin/universe          = unknown

PATH: /usr/local/sbin
PATH: /usr/local/bin
PATH: /usr/sbin
PATH: /usr/bin
PATH: /sbin
PATH: /bin
PATH: /home/tmroeder/src/fileProxy/Code/third_party/gyp
PATH: /home/tmroeder/src/fileProxy/src/third_party/gyp


## ----------- ##
## Core tests. ##
## ----------- ##

configure:2110: checking for a BSD-compatible install
configure:2178: result: /usr/bin/install -c
configure:2189: checking whether build environment is sane
configure:2232: result: yes
configure:2257: checking for a thread-safe mkdir -p
configure:2296: result: /bin/mkdir -p
configure:2309: checking for gawk
configure:2325: found /usr/bin/gawk
configure:2336: result: gawk
configure:2347: checking whether make sets $(MAKE)
configure:2369: result: yes
configure:2619: checking for g++
configure:2635: found /usr/bin/g++
configure:2646: result: g++
configure:2677: checking for C++ compiler version
configure:2685: g++ --version >&5
g++ (Ubuntu/Linaro 4.6.3-1ubuntu5) 4.6.3
Copyright (C) 2011 Free Software Foundation, Inc.
This is free software; see the source for copying conditions.  There is NO
warranty; not even for MERCHANTABILITY or FITNESS FOR A PARTICULAR PURPOSE.

configure:2689: $? = 0
configure:2696: g++ -v >&5
Using built-in specs.
COLLECT_GCC=g++
COLLECT_LTO_WRAPPER=/usr/lib/gcc/x86_64-linux-gnu/4.6/lto-wrapper
Target: x86_64-linux-gnu
Configured with: ../src/configure -v --with-pkgversion='Ubuntu/Linaro 4.6.3-1ubuntu5' --with-bugurl=file:///usr/share/doc/gcc-4.6/README.Bugs --enable-languages=c,c++,fortran,objc,obj-c++ --prefix=/usr --program-suffix=-4.6 --enable-shared --enable-linker-build-id --with-system-zlib --libexecdir=/usr/lib --without-included-gettext --enable-threads=posix --with-gxx-include-dir=/usr/include/c++/4.6 --libdir=/usr/lib --enable-nls --with-sysroot=/ --enable-clocale=gnu --enable-libstdcxx-debug --enable-libstdcxx-time=yes --enable-gnu-unique-object --enable-plugin --enable-objc-gc --disable-werror --with-arch-32=i686 --with-tune=generic --enable-checking=release --build=x86_64-linux-gnu --host=x86_64-linux-gnu --target=x86_64-linux-gnu
Thread model: posix
gcc version 4.6.3 (Ubuntu/Linaro 4.6.3-1ubuntu5) 
configure:2700: $? = 0
configure:2707: g++ -V >&5
g++: error: unrecognized option '-V'
g++: fatal error: no input files
compilation terminated.
configure:2711: $? = 4
configure:2734: checking for C++ compiler default output file name
configure:2756: g++    conftest.cpp  >&5
configure:2760: $? = 0
configure:2798: result: a.out
configure:2815: checking whether the C++ compiler works
configure:2825: ./a.out
configure:2829: $? = 0
configure:2846: result: yes
configure:2853: checking whether we are cross compiling
configure:2855: result: no
configure:2858: checking for suffix of executables
configure:2865: g++ -o conftest    conftest.cpp  >&5
configure:2869: $? = 0
configure:2893: result: 
configure:2899: checking for suffix of object files
configure:2925: g++ -c   conftest.cpp >&5
configure:2929: $? = 0
configure:2952: result: o
configure:2956: checking whether we are using the GNU C++ compiler
configure:2985: g++ -c   conftest.cpp >&5
configure:2992: $? = 0
configure:3009: result: yes
configure:3018: checking whether g++ accepts -g
configure:3048: g++ -c -g  conftest.cpp >&5
configure:3055: $? = 0
configure:3156: result: yes
configure:3190: checking for style of include used by make
configure:3218: result: GNU
configure:3243: checking dependency style of g++
configure:3334: result: gcc3
configure:3397: checking for gcc
configure:3413: found /usr/bin/gcc
configure:3424: result: gcc
configure:3662: checking for C compiler version
configure:3670: gcc --version >&5
gcc (Ubuntu/Linaro 4.6.3-1ubuntu5) 4.6.3
Copyright (C) 2011 Free Software Foundation, Inc.
This is free software; see the source for copying conditions.  There is NO
warranty; not even for MERCHANTABILITY or FITNESS FOR A PARTICULAR PURPOSE.

configure:3674: $? = 0
configure:3681: gcc -v >&5
Using built-in specs.
COLLECT_GCC=gcc
COLLECT_LTO_WRAPPER=/usr/lib/gcc/x86_64-linux-gnu/4.6/lto-wrapper
Target: x86_64-linux-gnu
Configured with: ../src/configure -v --with-pkgversion='Ubuntu/Linaro 4.6.3-1ubuntu5' --with-bugurl=file:///usr/share/doc/gcc-4.6/README.Bugs --enable-languages=c,c++,fortran,objc,obj-c++ --prefix=/usr --program-suffix=-4.6 --enable-shared --enable-linker-build-id --with-system-zlib --libexecdir=/usr/lib --without-included-gettext --enable-threads=posix --with-gxx-include-dir=/usr/include/c++/4.6 --libdir=/usr/lib --enable-nls --with-sysroot=/ --enable-clocale=gnu --enable-libstdcxx-debug --enable-libstdcxx-time=yes --enable-gnu-unique-object --enable-plugin --enable-objc-gc --disable-werror --with-arch-32=i686 --with-tune=generic --enable-checking=release --build=x86_64-linux-gnu --host=x86_64-linux-gnu --target=x86_64-linux-gnu
Thread model: posix
gcc version 4.6.3 (Ubuntu/Linaro 4.6.3-1ubuntu5) 
configure:3685: $? = 0
configure:3692: gcc -V >&5
gcc: error: unrecognized option '-V'
gcc: fatal error: no input files
compilation terminated.
configure:3696: $? = 4
configure:3699: checking whether we are using the GNU C compiler
configure:3728: gcc -c   conftest.c >&5
configure:3735: $? = 0
configure:3752: result: yes
configure:3761: checking whether gcc accepts -g
configure:3791: gcc -c -g  conftest.c >&5
configure:3798: $? = 0
configure:3899: result: yes
configure:3916: checking for gcc option to accept ISO C89
configure:3990: gcc  -c -g -O2  conftest.c >&5
configure:3997: $? = 0
configure:4020: result: none needed
configure:4040: checking dependency style of gcc
configure:4131: result: gcc3
configure:4151: checking how to run the C preprocessor
configure:4191: gcc -E  conftest.c
configure:4198: $? = 0
configure:4229: gcc -E  conftest.c
conftest.c:10:28: fatal error: ac_nonexistent.h: No such file or directory
compilation terminated.
configure:4236: $? = 1
configure: failed program was:
| /* confdefs.h.  */
| #define PACKAGE_NAME "gflags"
| #define PACKAGE_TARNAME "gflags"
| #define PACKAGE_VERSION "2.0"
| #define PACKAGE_STRING "gflags 2.0"
| #define PACKAGE_BUGREPORT "google-gflags@googlegroups.com"
| #define PACKAGE "gflags"
| #define VERSION "2.0"
| /* end confdefs.h.  */
| #include <ac_nonexistent.h>
configure:4269: result: gcc -E
configure:4298: gcc -E  conftest.c
configure:4305: $? = 0
configure:4336: gcc -E  conftest.c
conftest.c:10:28: fatal error: ac_nonexistent.h: No such file or directory
compilation terminated.
configure:4343: $? = 1
configure: failed program was:
| /* confdefs.h.  */
| #define PACKAGE_NAME "gflags"
| #define PACKAGE_TARNAME "gflags"
| #define PACKAGE_VERSION "2.0"
| #define PACKAGE_STRING "gflags 2.0"
| #define PACKAGE_BUGREPORT "google-gflags@googlegroups.com"
| #define PACKAGE "gflags"
| #define VERSION "2.0"
| /* end confdefs.h.  */
| #include <ac_nonexistent.h>
configure:4394: checking build system type
configure:4412: result: x86_64-unknown-linux-gnu
configure:4434: checking host system type
configure:4449: result: x86_64-unknown-linux-gnu
configure:4479: checking host system type
configure:4494: result: x86_64-unknown-linux-gnu
configure:4616: checking for a sed that does not truncate output
configure:4682: result: /bin/sed
configure:4700: checking for grep that handles long lines and -e
configure:4760: result: /bin/grep
configure:4765: checking for egrep
configure:4829: result: /bin/grep -E
configure:4834: checking for fgrep
configure:4898: result: /bin/grep -F
configure:4933: checking for ld used by gcc
configure:5000: result: /usr/bin/ld
configure:5009: checking if the linker (/usr/bin/ld) is GNU ld
configure:5024: result: yes
configure:5036: checking for BSD- or MS-compatible name lister (nm)
configure:5085: result: /usr/bin/nm -B
configure:5207: checking the name lister (/usr/bin/nm -B) interface
configure:5214: gcc -c -g -O2  conftest.c >&5
configure:5217: /usr/bin/nm -B "conftest.o"
configure:5220: output
0000000000000000 B some_variable
configure:5227: result: BSD nm
configure:5230: checking whether ln -s works
configure:5234: result: yes
configure:5242: checking the maximum length of command line arguments
configure:5362: result: 1572864
configure:5379: checking whether the shell understands some XSI constructs
configure:5389: result: yes
configure:5393: checking whether the shell understands "+="
configure:5399: result: yes
configure:5434: checking for /usr/bin/ld option to reload object files
configure:5441: result: -r
configure:5510: checking for objdump
configure:5526: found /usr/bin/objdump
configure:5537: result: objdump
configure:5573: checking how to recognize dependent libraries
configure:5769: result: pass_all
configure:5829: checking for ar
configure:5845: found /usr/bin/ar
configure:5856: result: ar
configure:5938: checking for strip
configure:5954: found /usr/bin/strip
configure:5965: result: strip
configure:6041: checking for ranlib
configure:6057: found /usr/bin/ranlib
configure:6068: result: ranlib
configure:6162: checking command to parse /usr/bin/nm -B output from gcc object
configure:6280: gcc -c -g -O2  conftest.c >&5
configure:6283: $? = 0
configure:6287: /usr/bin/nm -B conftest.o \| sed -n -e 's/^.*[	 ]\([ABCDGIRSTW][ABCDGIRSTW]*\)[	 ][	 ]*\([_A-Za-z][_A-Za-z0-9]*\)$/\1 \2 \2/p' \> conftest.nm
configure:6290: $? = 0
configure:6344: gcc -o conftest -g -O2   conftest.c conftstm.o >&5
configure:6347: $? = 0
configure:6385: result: ok
configure:6481: gcc -c -g -O2  conftest.c >&5
configure:6484: $? = 0
configure:7268: checking for ANSI C header files
configure:7298: gcc -c -g -O2  conftest.c >&5
configure:7305: $? = 0
configure:7404: gcc -o conftest -g -O2   conftest.c  >&5
configure:7408: $? = 0
configure:7414: ./conftest
configure:7418: $? = 0
configure:7436: result: yes
configure:7460: checking for sys/types.h
configure:7481: gcc -c -g -O2  conftest.c >&5
configure:7488: $? = 0
configure:7505: result: yes
configure:7460: checking for sys/stat.h
configure:7481: gcc -c -g -O2  conftest.c >&5
configure:7488: $? = 0
configure:7505: result: yes
configure:7460: checking for stdlib.h
configure:7481: gcc -c -g -O2  conftest.c >&5
configure:7488: $? = 0
configure:7505: result: yes
configure:7460: checking for string.h
configure:7481: gcc -c -g -O2  conftest.c >&5
configure:7488: $? = 0
configure:7505: result: yes
configure:7460: checking for memory.h
configure:7481: gcc -c -g -O2  conftest.c >&5
configure:7488: $? = 0
configure:7505: result: yes
configure:7460: checking for strings.h
configure:7481: gcc -c -g -O2  conftest.c >&5
configure:7488: $? = 0
configure:7505: result: yes
configure:7460: checking for inttypes.h
configure:7481: gcc -c -g -O2  conftest.c >&5
configure:7488: $? = 0
configure:7505: result: yes
configure:7460: checking for stdint.h
configure:7481: gcc -c -g -O2  conftest.c >&5
configure:7488: $? = 0
configure:7505: result: yes
configure:7460: checking for unistd.h
configure:7481: gcc -c -g -O2  conftest.c >&5
configure:7488: $? = 0
configure:7505: result: yes
configure:7522: checking for dlfcn.h
configure:7543: gcc -c -g -O2  conftest.c >&5
configure:7550: $? = 0
configure:7567: result: yes
configure:7697: checking for C++ compiler version
configure:7705: g++ --version >&5
g++ (Ubuntu/Linaro 4.6.3-1ubuntu5) 4.6.3
Copyright (C) 2011 Free Software Foundation, Inc.
This is free software; see the source for copying conditions.  There is NO
warranty; not even for MERCHANTABILITY or FITNESS FOR A PARTICULAR PURPOSE.

configure:7709: $? = 0
configure:7716: g++ -v >&5
Using built-in specs.
COLLECT_GCC=g++
COLLECT_LTO_WRAPPER=/usr/lib/gcc/x86_64-linux-gnu/4.6/lto-wrapper
Target: x86_64-linux-gnu
Configured with: ../src/configure -v --with-pkgversion='Ubuntu/Linaro 4.6.3-1ubuntu5' --with-bugurl=file:///usr/share/doc/gcc-4.6/README.Bugs --enable-languages=c,c++,fortran,objc,obj-c++ --prefix=/usr --program-suffix=-4.6 --enable-shared --enable-linker-build-id --with-system-zlib --libexecdir=/usr/lib --without-included-gettext --enable-threads=posix --with-gxx-include-dir=/usr/include/c++/4.6 --libdir=/usr/lib --enable-nls --with-sysroot=/ --enable-clocale=gnu --enable-libstdcxx-debug --enable-libstdcxx-time=yes --enable-gnu-unique-object --enable-plugin --enable-objc-gc --disable-werror --with-arch-32=i686 --with-tune=generic --enable-checking=release --build=x86_64-linux-gnu --host=x86_64-linux-gnu --target=x86_64-linux-gnu
Thread model: posix
gcc version 4.6.3 (Ubuntu/Linaro 4.6.3-1ubuntu5) 
configure:7720: $? = 0
configure:7727: g++ -V >&5
g++: error: unrecognized option '-V'
g++: fatal error: no input files
compilation terminated.
configure:7731: $? = 4
configure:7734: checking whether we are using the GNU C++ compiler
configure:7787: result: yes
configure:7796: checking whether g++ accepts -g
configure:7934: result: yes
configure:7959: checking dependency style of g++
configure:8050: result: gcc3
configure:8073: checking how to run the C++ preprocessor
configure:8109: g++ -E  conftest.cpp
configure:8116: $? = 0
configure:8147: g++ -E  conftest.cpp
conftest.cpp:21:28: fatal error: ac_nonexistent.h: No such file or directory
compilation terminated.
configure:8154: $? = 1
configure: failed program was:
| /* confdefs.h.  */
| #define PACKAGE_NAME "gflags"
| #define PACKAGE_TARNAME "gflags"
| #define PACKAGE_VERSION "2.0"
| #define PACKAGE_STRING "gflags 2.0"
| #define PACKAGE_BUGREPORT "google-gflags@googlegroups.com"
| #define PACKAGE "gflags"
| #define VERSION "2.0"
| #define STDC_HEADERS 1
| #define HAVE_SYS_TYPES_H 1
| #define HAVE_SYS_STAT_H 1
| #define HAVE_STDLIB_H 1
| #define HAVE_STRING_H 1
| #define HAVE_MEMORY_H 1
| #define HAVE_STRINGS_H 1
| #define HAVE_INTTYPES_H 1
| #define HAVE_STDINT_H 1
| #define HAVE_UNISTD_H 1
| #define HAVE_DLFCN_H 1
| /* end confdefs.h.  */
| #include <ac_nonexistent.h>
configure:8187: result: g++ -E
configure:8216: g++ -E  conftest.cpp
configure:8223: $? = 0
configure:8254: g++ -E  conftest.cpp
conftest.cpp:21:28: fatal error: ac_nonexistent.h: No such file or directory
compilation terminated.
configure:8261: $? = 1
configure: failed program was:
| /* confdefs.h.  */
| #define PACKAGE_NAME "gflags"
| #define PACKAGE_TARNAME "gflags"
| #define PACKAGE_VERSION "2.0"
| #define PACKAGE_STRING "gflags 2.0"
| #define PACKAGE_BUGREPORT "google-gflags@googlegroups.com"
| #define PACKAGE "gflags"
| #define VERSION "2.0"
| #define STDC_HEADERS 1
| #define HAVE_SYS_TYPES_H 1
| #define HAVE_SYS_STAT_H 1
| #define HAVE_STDLIB_H 1
| #define HAVE_STRING_H 1
| #define HAVE_MEMORY_H 1
| #define HAVE_STRINGS_H 1
| #define HAVE_INTTYPES_H 1
| #define HAVE_STDINT_H 1
| #define HAVE_UNISTD_H 1
| #define HAVE_DLFCN_H 1
| /* end confdefs.h.  */
| #include <ac_nonexistent.h>
configure:8444: checking for objdir
configure:8459: result: .libs
configure:8755: checking if gcc supports -fno-rtti -fno-exceptions
configure:8773: gcc -c -g -O2  -fno-rtti -fno-exceptions conftest.c >&5
cc1: warning: command line option '-fno-rtti' is valid for C++/ObjC++ but not for C [enabled by default]
configure:8777: $? = 0
configure:8790: result: no
configure:8810: checking for gcc option to produce PIC
configure:9082: result: -fPIC -DPIC
configure:9094: checking if gcc PIC flag -fPIC -DPIC works
configure:9112: gcc -c -g -O2  -fPIC -DPIC -DPIC conftest.c >&5
configure:9116: $? = 0
configure:9129: result: yes
configure:9153: checking if gcc static flag -static works
configure:9181: result: yes
configure:9196: checking if gcc supports -c -o file.o
configure:9217: gcc -c -g -O2  -o out/conftest2.o conftest.c >&5
configure:9221: $? = 0
configure:9243: result: yes
configure:9251: checking if gcc supports -c -o file.o
configure:9298: result: yes
configure:9331: checking whether the gcc linker (/usr/bin/ld -m elf_x86_64) supports shared libraries
configure:10410: result: yes
configure:10447: checking whether -lc should be explicitly linked in
configure:10452: gcc -c -g -O2  conftest.c >&5
configure:10455: $? = 0
configure:10470: gcc -shared conftest.o  -v -Wl,-soname -Wl,conftest -o conftest 2\>\&1 \| /bin/grep  -lc  \>/dev/null 2\>\&1
configure:10473: $? = 0
configure:10485: result: no
configure:10649: checking dynamic linker characteristics
configure:11092: gcc -o conftest -g -O2   -Wl,-rpath -Wl,/foo conftest.c  >&5
configure:11099: $? = 0
configure:11344: result: GNU/Linux ld.so
configure:11446: checking how to hardcode library paths into programs
configure:11471: result: immediate
configure:12304: checking whether stripping libraries is possible
configure:12309: result: yes
configure:12344: checking if libtool supports shared libraries
configure:12346: result: yes
configure:12349: checking whether to build shared libraries
configure:12370: result: yes
configure:12373: checking whether to build static libraries
configure:12377: result: yes
configure:12527: checking for ld used by g++
configure:12594: result: /usr/bin/ld -m elf_x86_64
configure:12603: checking if the linker (/usr/bin/ld -m elf_x86_64) is GNU ld
configure:12618: result: yes
configure:12673: checking whether the g++ linker (/usr/bin/ld -m elf_x86_64) supports shared libraries
configure:13648: result: yes
configure:13676: g++ -c -g -O2  conftest.cpp >&5
configure:13679: $? = 0
configure:13861: checking for g++ option to produce PIC
configure:14178: result: -fPIC -DPIC
configure:14187: checking if g++ PIC flag -fPIC -DPIC works
configure:14205: g++ -c -g -O2  -fPIC -DPIC -DPIC conftest.cpp >&5
configure:14209: $? = 0
configure:14222: result: yes
configure:14243: checking if g++ static flag -static works
configure:14271: result: yes
configure:14283: checking if g++ supports -c -o file.o
configure:14304: g++ -c -g -O2  -o out/conftest2.o conftest.cpp >&5
configure:14308: $? = 0
configure:14330: result: yes
configure:14335: checking if g++ supports -c -o file.o
configure:14382: result: yes
configure:14412: checking whether the g++ linker (/usr/bin/ld -m elf_x86_64) supports shared libraries
configure:14441: result: yes
configure:14578: checking dynamic linker characteristics
configure:14969: g++ -o conftest -g -O2   -Wl,-rpath -Wl,/foo conftest.cpp  >&5
configure:14976: $? = 0
configure:15221: result: GNU/Linux ld.so
configure:15272: checking how to hardcode library paths into programs
configure:15297: result: immediate
configure:15359: checking for ANSI C header files
configure:15527: result: yes
configure:15540: checking for stdint.h
configure:15545: result: yes
configure:15679: checking for sys/types.h
configure:15684: result: yes
configure:15818: checking for inttypes.h
configure:15823: result: yes
configure:15972: checking fnmatch.h usability
configure:15989: gcc -c -g -O2  conftest.c >&5
configure:15996: $? = 0
configure:16010: result: yes
configure:16014: checking fnmatch.h presence
configure:16029: gcc -E  conftest.c
configure:16036: $? = 0
configure:16050: result: yes
configure:16083: checking for fnmatch.h
configure:16092: result: yes
configure:16111: checking for sys/stat.h
configure:16118: result: yes
configure:16261: checking for unistd.h
configure:16268: result: yes
configure:16409: checking for uint16_t
configure:16437: gcc -c -g -O2  conftest.c >&5
configure:16444: $? = 0
configure:16471: gcc -c -g -O2  conftest.c >&5
conftest.c: In function 'main':
conftest.c:62:23: error: expected expression before ')' token
configure:16478: $? = 1
configure: failed program was:
| /* confdefs.h.  */
| #define PACKAGE_NAME "gflags"
| #define PACKAGE_TARNAME "gflags"
| #define PACKAGE_VERSION "2.0"
| #define PACKAGE_STRING "gflags 2.0"
| #define PACKAGE_BUGREPORT "google-gflags@googlegroups.com"
| #define PACKAGE "gflags"
| #define VERSION "2.0"
| #define STDC_HEADERS 1
| #define HAVE_SYS_TYPES_H 1
| #define HAVE_SYS_STAT_H 1
| #define HAVE_STDLIB_H 1
| #define HAVE_STRING_H 1
| #define HAVE_MEMORY_H 1
| #define HAVE_STRINGS_H 1
| #define HAVE_INTTYPES_H 1
| #define HAVE_STDINT_H 1
| #define HAVE_UNISTD_H 1
| #define HAVE_DLFCN_H 1
| #define LT_OBJDIR ".libs/"
| #define STDC_HEADERS 1
| #define HAVE_FNMATCH_H 1
| #define HAVE_SYS_STAT_H 1
| #define HAVE_UNISTD_H 1
| /* end confdefs.h.  */
| #include <stdio.h>
| #ifdef HAVE_SYS_TYPES_H
| # include <sys/types.h>
| #endif
| #ifdef HAVE_SYS_STAT_H
| # include <sys/stat.h>
| #endif
| #ifdef STDC_HEADERS
| # include <stdlib.h>
| # include <stddef.h>
| #else
| # ifdef HAVE_STDLIB_H
| #  include <stdlib.h>
| # endif
| #endif
| #ifdef HAVE_STRING_H
| # if !defined STDC_HEADERS && defined HAVE_MEMORY_H
| #  include <memory.h>
| # endif
| # include <string.h>
| #endif
| #ifdef HAVE_STRINGS_H
| # include <strings.h>
| #endif
| #ifdef HAVE_INTTYPES_H
| # include <inttypes.h>
| #endif
| #ifdef HAVE_STDINT_H
| # include <stdint.h>
| #endif
| #ifdef HAVE_UNISTD_H
| # include <unistd.h>
| #endif
| int
| main ()
| {
| if (sizeof ((uint16_t)))
| 	  return 0;
|   ;
|   return 0;
| }
configure:16501: result: yes
configure:16509: checking for u_int16_t
configure:16537: gcc -c -g -O2  conftest.c >&5
configure:16544: $? = 0
configure:16571: gcc -c -g -O2  conftest.c >&5
conftest.c: In function 'main':
conftest.c:62:24: error: expected expression before ')' token
configure:16578: $? = 1
configure: failed program was:
| /* confdefs.h.  */
| #define PACKAGE_NAME "gflags"
| #define PACKAGE_TARNAME "gflags"
| #define PACKAGE_VERSION "2.0"
| #define PACKAGE_STRING "gflags 2.0"
| #define PACKAGE_BUGREPORT "google-gflags@googlegroups.com"
| #define PACKAGE "gflags"
| #define VERSION "2.0"
| #define STDC_HEADERS 1
| #define HAVE_SYS_TYPES_H 1
| #define HAVE_SYS_STAT_H 1
| #define HAVE_STDLIB_H 1
| #define HAVE_STRING_H 1
| #define HAVE_MEMORY_H 1
| #define HAVE_STRINGS_H 1
| #define HAVE_INTTYPES_H 1
| #define HAVE_STDINT_H 1
| #define HAVE_UNISTD_H 1
| #define HAVE_DLFCN_H 1
| #define LT_OBJDIR ".libs/"
| #define STDC_HEADERS 1
| #define HAVE_FNMATCH_H 1
| #define HAVE_SYS_STAT_H 1
| #define HAVE_UNISTD_H 1
| /* end confdefs.h.  */
| #include <stdio.h>
| #ifdef HAVE_SYS_TYPES_H
| # include <sys/types.h>
| #endif
| #ifdef HAVE_SYS_STAT_H
| # include <sys/stat.h>
| #endif
| #ifdef STDC_HEADERS
| # include <stdlib.h>
| # include <stddef.h>
| #else
| # ifdef HAVE_STDLIB_H
| #  include <stdlib.h>
| # endif
| #endif
| #ifdef HAVE_STRING_H
| # if !defined STDC_HEADERS && defined HAVE_MEMORY_H
| #  include <memory.h>
| # endif
| # include <string.h>
| #endif
| #ifdef HAVE_STRINGS_H
| # include <strings.h>
| #endif
| #ifdef HAVE_INTTYPES_H
| # include <inttypes.h>
| #endif
| #ifdef HAVE_STDINT_H
| # include <stdint.h>
| #endif
| #ifdef HAVE_UNISTD_H
| # include <unistd.h>
| #endif
| int
| main ()
| {
| if (sizeof ((u_int16_t)))
| 	  return 0;
|   ;
|   return 0;
| }
configure:16601: result: yes
configure:16609: checking for __int16
configure:16637: gcc -c -g -O2  conftest.c >&5
conftest.c: In function 'main':
conftest.c:62:13: error: '__int16' undeclared (first use in this function)
conftest.c:62:13: note: each undeclared identifier is reported only once for each function it appears in
configure:16644: $? = 1
configure: failed program was:
| /* confdefs.h.  */
| #define PACKAGE_NAME "gflags"
| #define PACKAGE_TARNAME "gflags"
| #define PACKAGE_VERSION "2.0"
| #define PACKAGE_STRING "gflags 2.0"
| #define PACKAGE_BUGREPORT "google-gflags@googlegroups.com"
| #define PACKAGE "gflags"
| #define VERSION "2.0"
| #define STDC_HEADERS 1
| #define HAVE_SYS_TYPES_H 1
| #define HAVE_SYS_STAT_H 1
| #define HAVE_STDLIB_H 1
| #define HAVE_STRING_H 1
| #define HAVE_MEMORY_H 1
| #define HAVE_STRINGS_H 1
| #define HAVE_INTTYPES_H 1
| #define HAVE_STDINT_H 1
| #define HAVE_UNISTD_H 1
| #define HAVE_DLFCN_H 1
| #define LT_OBJDIR ".libs/"
| #define STDC_HEADERS 1
| #define HAVE_FNMATCH_H 1
| #define HAVE_SYS_STAT_H 1
| #define HAVE_UNISTD_H 1
| /* end confdefs.h.  */
| #include <stdio.h>
| #ifdef HAVE_SYS_TYPES_H
| # include <sys/types.h>
| #endif
| #ifdef HAVE_SYS_STAT_H
| # include <sys/stat.h>
| #endif
| #ifdef STDC_HEADERS
| # include <stdlib.h>
| # include <stddef.h>
| #else
| # ifdef HAVE_STDLIB_H
| #  include <stdlib.h>
| # endif
| #endif
| #ifdef HAVE_STRING_H
| # if !defined STDC_HEADERS && defined HAVE_MEMORY_H
| #  include <memory.h>
| # endif
| # include <string.h>
| #endif
| #ifdef HAVE_STRINGS_H
| # include <strings.h>
| #endif
| #ifdef HAVE_INTTYPES_H
| # include <inttypes.h>
| #endif
| #ifdef HAVE_STDINT_H
| # include <stdint.h>
| #endif
| #ifdef HAVE_UNISTD_H
| # include <unistd.h>
| #endif
| int
| main ()
| {
| if (sizeof (__int16))
|        return 0;
|   ;
|   return 0;
| }
configure:16701: result: no
configure:16715: checking for strtoll
configure:16771: gcc -o conftest -g -O2   conftest.c  >&5
configure:16778: $? = 0
configure:16800: result: yes
configure:16715: checking for strtoq
configure:16771: gcc -o conftest -g -O2   conftest.c  >&5
configure:16778: $? = 0
configure:16800: result: yes
configure:16813: checking for __attribute__
configure:16842: gcc -c -g -O2  conftest.c >&5
configure:16849: $? = 0
configure:16873: result: yes
configure:17079: checking for the pthreads library -lpthreads
configure:17122: gcc -o conftest -g -O2    conftest.c -lpthreads  >&5
/usr/bin/ld: cannot find -lpthreads
collect2: ld returned 1 exit status
configure:17129: $? = 1
configure: failed program was:
| /* confdefs.h.  */
| #define PACKAGE_NAME "gflags"
| #define PACKAGE_TARNAME "gflags"
| #define PACKAGE_VERSION "2.0"
| #define PACKAGE_STRING "gflags 2.0"
| #define PACKAGE_BUGREPORT "google-gflags@googlegroups.com"
| #define PACKAGE "gflags"
| #define VERSION "2.0"
| #define STDC_HEADERS 1
| #define HAVE_SYS_TYPES_H 1
| #define HAVE_SYS_STAT_H 1
| #define HAVE_STDLIB_H 1
| #define HAVE_STRING_H 1
| #define HAVE_MEMORY_H 1
| #define HAVE_STRINGS_H 1
| #define HAVE_INTTYPES_H 1
| #define HAVE_STDINT_H 1
| #define HAVE_UNISTD_H 1
| #define HAVE_DLFCN_H 1
| #define LT_OBJDIR ".libs/"
| #define STDC_HEADERS 1
| #define HAVE_FNMATCH_H 1
| #define HAVE_SYS_STAT_H 1
| #define HAVE_UNISTD_H 1
| #define HAVE_STRTOLL 1
| #define HAVE_STRTOQ 1
| #define HAVE___ATTRIBUTE__ 1
| /* end confdefs.h.  */
| #include <pthread.h>
| int
| main ()
| {
| pthread_t th; pthread_join(th, 0);
|                      pthread_attr_init(0); pthread_cleanup_push(0, 0);
|                      pthread_create(0,0,0,0); pthread_cleanup_pop(0);
|   ;
|   return 0;
| }
configure:17152: result: no
configure:17024: checking whether pthreads work without any flags
configure:17122: gcc -o conftest -g -O2    conftest.c   >&5
/tmp/ccQhCgC1.o: In function `main':
/home/tmroeder/src/fileProxy/src/third_party/gflags/conftest.c:33: undefined reference to `pthread_join'
/home/tmroeder/src/fileProxy/src/third_party/gflags/conftest.c:34: undefined reference to `__pthread_register_cancel'
/home/tmroeder/src/fileProxy/src/third_party/gflags/conftest.c:35: undefined reference to `pthread_create'
/home/tmroeder/src/fileProxy/src/third_party/gflags/conftest.c:35: undefined reference to `__pthread_unregister_cancel'
collect2: ld returned 1 exit status
configure:17129: $? = 1
configure: failed program was:
| /* confdefs.h.  */
| #define PACKAGE_NAME "gflags"
| #define PACKAGE_TARNAME "gflags"
| #define PACKAGE_VERSION "2.0"
| #define PACKAGE_STRING "gflags 2.0"
| #define PACKAGE_BUGREPORT "google-gflags@googlegroups.com"
| #define PACKAGE "gflags"
| #define VERSION "2.0"
| #define STDC_HEADERS 1
| #define HAVE_SYS_TYPES_H 1
| #define HAVE_SYS_STAT_H 1
| #define HAVE_STDLIB_H 1
| #define HAVE_STRING_H 1
| #define HAVE_MEMORY_H 1
| #define HAVE_STRINGS_H 1
| #define HAVE_INTTYPES_H 1
| #define HAVE_STDINT_H 1
| #define HAVE_UNISTD_H 1
| #define HAVE_DLFCN_H 1
| #define LT_OBJDIR ".libs/"
| #define STDC_HEADERS 1
| #define HAVE_FNMATCH_H 1
| #define HAVE_SYS_STAT_H 1
| #define HAVE_UNISTD_H 1
| #define HAVE_STRTOLL 1
| #define HAVE_STRTOQ 1
| #define HAVE___ATTRIBUTE__ 1
| /* end confdefs.h.  */
| #include <pthread.h>
| int
| main ()
| {
| pthread_t th; pthread_join(th, 0);
|                      pthread_attr_init(0); pthread_cleanup_push(0, 0);
|                      pthread_create(0,0,0,0); pthread_cleanup_pop(0);
|   ;
|   return 0;
| }
configure:17152: result: no
configure:17029: checking whether pthreads work with -Kthread
configure:17122: gcc -o conftest -g -O2 -Kthread   conftest.c   >&5
gcc: error: unrecognized option '-Kthread'
configure:17129: $? = 1
configure: failed program was:
| /* confdefs.h.  */
| #define PACKAGE_NAME "gflags"
| #define PACKAGE_TARNAME "gflags"
| #define PACKAGE_VERSION "2.0"
| #define PACKAGE_STRING "gflags 2.0"
| #define PACKAGE_BUGREPORT "google-gflags@googlegroups.com"
| #define PACKAGE "gflags"
| #define VERSION "2.0"
| #define STDC_HEADERS 1
| #define HAVE_SYS_TYPES_H 1
| #define HAVE_SYS_STAT_H 1
| #define HAVE_STDLIB_H 1
| #define HAVE_STRING_H 1
| #define HAVE_MEMORY_H 1
| #define HAVE_STRINGS_H 1
| #define HAVE_INTTYPES_H 1
| #define HAVE_STDINT_H 1
| #define HAVE_UNISTD_H 1
| #define HAVE_DLFCN_H 1
| #define LT_OBJDIR ".libs/"
| #define STDC_HEADERS 1
| #define HAVE_FNMATCH_H 1
| #define HAVE_SYS_STAT_H 1
| #define HAVE_UNISTD_H 1
| #define HAVE_STRTOLL 1
| #define HAVE_STRTOQ 1
| #define HAVE___ATTRIBUTE__ 1
| /* end confdefs.h.  */
| #include <pthread.h>
| int
| main ()
| {
| pthread_t th; pthread_join(th, 0);
|                      pthread_attr_init(0); pthread_cleanup_push(0, 0);
|                      pthread_create(0,0,0,0); pthread_cleanup_pop(0);
|   ;
|   return 0;
| }
configure:17152: result: no
configure:17029: checking whether pthreads work with -kthread
configure:17122: gcc -o conftest -g -O2 -kthread   conftest.c   >&5
gcc: error: unrecognized option '-kthread'
configure:17129: $? = 1
configure: failed program was:
| /* confdefs.h.  */
| #define PACKAGE_NAME "gflags"
| #define PACKAGE_TARNAME "gflags"
| #define PACKAGE_VERSION "2.0"
| #define PACKAGE_STRING "gflags 2.0"
| #define PACKAGE_BUGREPORT "google-gflags@googlegroups.com"
| #define PACKAGE "gflags"
| #define VERSION "2.0"
| #define STDC_HEADERS 1
| #define HAVE_SYS_TYPES_H 1
| #define HAVE_SYS_STAT_H 1
| #define HAVE_STDLIB_H 1
| #define HAVE_STRING_H 1
| #define HAVE_MEMORY_H 1
| #define HAVE_STRINGS_H 1
| #define HAVE_INTTYPES_H 1
| #define HAVE_STDINT_H 1
| #define HAVE_UNISTD_H 1
| #define HAVE_DLFCN_H 1
| #define LT_OBJDIR ".libs/"
| #define STDC_HEADERS 1
| #define HAVE_FNMATCH_H 1
| #define HAVE_SYS_STAT_H 1
| #define HAVE_UNISTD_H 1
| #define HAVE_STRTOLL 1
| #define HAVE_STRTOQ 1
| #define HAVE___ATTRIBUTE__ 1
| /* end confdefs.h.  */
| #include <pthread.h>
| int
| main ()
| {
| pthread_t th; pthread_join(th, 0);
|                      pthread_attr_init(0); pthread_cleanup_push(0, 0);
|                      pthread_create(0,0,0,0); pthread_cleanup_pop(0);
|   ;
|   return 0;
| }
configure:17152: result: no
configure:17079: checking for the pthreads library -llthread
configure:17122: gcc -o conftest -g -O2    conftest.c -llthread  >&5
/usr/bin/ld: cannot find -llthread
collect2: ld returned 1 exit status
configure:17129: $? = 1
configure: failed program was:
| /* confdefs.h.  */
| #define PACKAGE_NAME "gflags"
| #define PACKAGE_TARNAME "gflags"
| #define PACKAGE_VERSION "2.0"
| #define PACKAGE_STRING "gflags 2.0"
| #define PACKAGE_BUGREPORT "google-gflags@googlegroups.com"
| #define PACKAGE "gflags"
| #define VERSION "2.0"
| #define STDC_HEADERS 1
| #define HAVE_SYS_TYPES_H 1
| #define HAVE_SYS_STAT_H 1
| #define HAVE_STDLIB_H 1
| #define HAVE_STRING_H 1
| #define HAVE_MEMORY_H 1
| #define HAVE_STRINGS_H 1
| #define HAVE_INTTYPES_H 1
| #define HAVE_STDINT_H 1
| #define HAVE_UNISTD_H 1
| #define HAVE_DLFCN_H 1
| #define LT_OBJDIR ".libs/"
| #define STDC_HEADERS 1
| #define HAVE_FNMATCH_H 1
| #define HAVE_SYS_STAT_H 1
| #define HAVE_UNISTD_H 1
| #define HAVE_STRTOLL 1
| #define HAVE_STRTOQ 1
| #define HAVE___ATTRIBUTE__ 1
| /* end confdefs.h.  */
| #include <pthread.h>
| int
| main ()
| {
| pthread_t th; pthread_join(th, 0);
|                      pthread_attr_init(0); pthread_cleanup_push(0, 0);
|                      pthread_create(0,0,0,0); pthread_cleanup_pop(0);
|   ;
|   return 0;
| }
configure:17152: result: no
configure:17029: checking whether pthreads work with -pthread
configure:17122: gcc -o conftest -g -O2 -pthread   conftest.c   >&5
configure:17129: $? = 0
configure:17152: result: yes
configure:17171: checking for joinable pthread attribute
configure:17196: gcc -o conftest -g -O2 -pthread   conftest.c   >&5
configure:17203: $? = 0
configure:17223: result: PTHREAD_CREATE_JOINABLE
configure:17233: checking if more special flags are required for pthreads
configure:17240: result: no
configure:17329: checking whether to check for GCC pthread/shared inconsistencies
configure:17352: gcc -o conftest -shared -fPIC -Wl,-z,defs -g -O2 -pthread   conftest.c   >&5
configure:17359: $? = 0
configure:17383: result: yes
configure:17389: checking whether -pthread is sufficient with -shared
configure:17414: gcc -o conftest -shared -fPIC -Wl,-z,defs -g -O2 -pthread   conftest.c   >&5
configure:17421: $? = 0
configure:17442: result: yes
configure:17592: checking whether what we have so far is sufficient with -nostdlib
configure:17620: gcc -o conftest -nostdlib -shared -fPIC -Wl,-z,defs -g -O2 -pthread   conftest.c   -lc >&5
/tmp/ccVQEVPk.o: In function `main':
/home/tmroeder/src/fileProxy/src/third_party/gflags/conftest.c:33: undefined reference to `pthread_join'
/home/tmroeder/src/fileProxy/src/third_party/gflags/conftest.c:34: undefined reference to `__pthread_register_cancel'
/home/tmroeder/src/fileProxy/src/third_party/gflags/conftest.c:35: undefined reference to `pthread_create'
/home/tmroeder/src/fileProxy/src/third_party/gflags/conftest.c:35: undefined reference to `__pthread_unregister_cancel'
collect2: ld returned 1 exit status
configure:17627: $? = 1
configure: failed program was:
| /* confdefs.h.  */
| #define PACKAGE_NAME "gflags"
| #define PACKAGE_TARNAME "gflags"
| #define PACKAGE_VERSION "2.0"
| #define PACKAGE_STRING "gflags 2.0"
| #define PACKAGE_BUGREPORT "google-gflags@googlegroups.com"
| #define PACKAGE "gflags"
| #define VERSION "2.0"
| #define STDC_HEADERS 1
| #define HAVE_SYS_TYPES_H 1
| #define HAVE_SYS_STAT_H 1
| #define HAVE_STDLIB_H 1
| #define HAVE_STRING_H 1
| #define HAVE_MEMORY_H 1
| #define HAVE_STRINGS_H 1
| #define HAVE_INTTYPES_H 1
| #define HAVE_STDINT_H 1
| #define HAVE_UNISTD_H 1
| #define HAVE_DLFCN_H 1
| #define LT_OBJDIR ".libs/"
| #define STDC_HEADERS 1
| #define HAVE_FNMATCH_H 1
| #define HAVE_SYS_STAT_H 1
| #define HAVE_UNISTD_H 1
| #define HAVE_STRTOLL 1
| #define HAVE_STRTOQ 1
| #define HAVE___ATTRIBUTE__ 1
| /* end confdefs.h.  */
| #include <pthread.h>
| int
| main ()
| {
| pthread_t th; pthread_join(th, 0);
| 	       pthread_attr_init(0); pthread_cleanup_push(0, 0);
| 	       pthread_create(0,0,0,0); pthread_cleanup_pop(0);
|   ;
|   return 0;
| }
configure:17651: result: no
configure:17656: checking whether -lpthread saves the day
configure:17682: gcc -o conftest -nostdlib -shared -fPIC -Wl,-z,defs -g -O2 -pthread   conftest.c -lpthread   -lc >&5
configure:17689: $? = 0
configure:17710: result: yes
configure:17754: checking whether the compiler implements namespaces
configure:17788: g++ -c -g -O2  conftest.cpp >&5
configure:17795: $? = 0
configure:17816: result: yes
configure:17825: checking what namespace STL code is in
configure:17859: g++ -c -g -O2  conftest.cpp >&5
conftest.cpp: In function 'int main()':
conftest.cpp:35:1: error: 'vector' was not declared in this scope
conftest.cpp:35:1: note: suggested alternative:
/usr/include/c++/4.6/bits/stl_vector.h:180:11: note:   'std::vector'
conftest.cpp:35:8: error: expected primary-expression before 'int'
conftest.cpp:35:8: error: expected ';' before 'int'
configure:17866: $? = 1
configure: failed program was:
| /* confdefs.h.  */
| #define PACKAGE_NAME "gflags"
| #define PACKAGE_TARNAME "gflags"
| #define PACKAGE_VERSION "2.0"
| #define PACKAGE_STRING "gflags 2.0"
| #define PACKAGE_BUGREPORT "google-gflags@googlegroups.com"
| #define PACKAGE "gflags"
| #define VERSION "2.0"
| #define STDC_HEADERS 1
| #define HAVE_SYS_TYPES_H 1
| #define HAVE_SYS_STAT_H 1
| #define HAVE_STDLIB_H 1
| #define HAVE_STRING_H 1
| #define HAVE_MEMORY_H 1
| #define HAVE_STRINGS_H 1
| #define HAVE_INTTYPES_H 1
| #define HAVE_STDINT_H 1
| #define HAVE_UNISTD_H 1
| #define HAVE_DLFCN_H 1
| #define LT_OBJDIR ".libs/"
| #define STDC_HEADERS 1
| #define HAVE_FNMATCH_H 1
| #define HAVE_SYS_STAT_H 1
| #define HAVE_UNISTD_H 1
| #define HAVE_STRTOLL 1
| #define HAVE_STRTOQ 1
| #define HAVE___ATTRIBUTE__ 1
| #define HAVE_PTHREAD 1
| #define HAVE_NAMESPACES 1
| /* end confdefs.h.  */
| #include <vector>
| int
| main ()
| {
| vector<int> t; return 0;
|   ;
|   return 0;
| }
configure:17901: g++ -c -g -O2  conftest.cpp >&5
configure:17908: $? = 0
configure:17929: result: std
configure:18156: creating ./config.status

## ---------------------- ##
## Running config.status. ##
## ---------------------- ##

This file was extended by gflags config.status 2.0, which was
generated by GNU Autoconf 2.62.  Invocation command line was

  CONFIG_FILES    = 
  CONFIG_HEADERS  = 
  CONFIG_LINKS    = 
  CONFIG_COMMANDS = 
  $ ./config.status 

on tmroeder-loaner2

config.status:1079: creating Makefile
config.status:1079: creating src/gflags/gflags.h
config.status:1079: creating src/gflags/gflags_declare.h
config.status:1079: creating src/gflags/gflags_completions.h
config.status:1079: creating src/config.h
config.status:1353: executing depfiles commands
config.status:1353: executing libtool commands

## ---------------- ##
## Cache variables. ##
## ---------------- ##

ac_cv___attribute__=yes
ac_cv___attribute__unused='__attribute__ ((unused))'
ac_cv_build=x86_64-unknown-linux-gnu
ac_cv_c_compiler_gnu=yes
ac_cv_cxx_compiler_gnu=yes
ac_cv_cxx_namespaces=yes
ac_cv_cxx_stl_namespace=std
ac_cv_env_CCC_set=
ac_cv_env_CCC_value=
ac_cv_env_CC_set=
ac_cv_env_CC_value=
ac_cv_env_CFLAGS_set=
ac_cv_env_CFLAGS_value=
ac_cv_env_CPPFLAGS_set=
ac_cv_env_CPPFLAGS_value=
ac_cv_env_CPP_set=
ac_cv_env_CPP_value=
ac_cv_env_CXXCPP_set=
ac_cv_env_CXXCPP_value=
ac_cv_env_CXXFLAGS_set=
ac_cv_env_CXXFLAGS_value=
ac_cv_env_CXX_set=
ac_cv_env_CXX_value=
ac_cv_env_LDFLAGS_set=
ac_cv_env_LDFLAGS_value=
ac_cv_env_LIBS_set=
ac_cv_env_LIBS_value=
ac_cv_env_build_alias_set=
ac_cv_env_build_alias_value=
ac_cv_env_host_alias_set=
ac_cv_env_host_alias_value=
ac_cv_env_target_alias_set=
ac_cv_env_target_alias_value=
ac_cv_func_strtoll=yes
ac_cv_func_strtoq=yes
ac_cv_have___int16=0
ac_cv_have_inttypes_h=1
ac_cv_have_stdint_h=1
ac_cv_have_systypes_h=1
ac_cv_have_u_int16_t=1
ac_cv_have_uint16_t=1
ac_cv_header_dlfcn_h=yes
ac_cv_header_fnmatch_h=yes
ac_cv_header_inttypes_h=yes
ac_cv_header_memory_h=yes
ac_cv_header_stdc=yes
ac_cv_header_stdint_h=yes
ac_cv_header_stdlib_h=yes
ac_cv_header_string_h=yes
ac_cv_header_strings_h=yes
ac_cv_header_sys_stat_h=yes
ac_cv_header_sys_types_h=yes
ac_cv_header_unistd_h=yes
ac_cv_host=x86_64-unknown-linux-gnu
ac_cv_objext=o
ac_cv_path_EGREP='/bin/grep -E'
ac_cv_path_FGREP='/bin/grep -F'
ac_cv_path_GREP=/bin/grep
ac_cv_path_SED=/bin/sed
ac_cv_path_install='/usr/bin/install -c'
ac_cv_path_mkdir=/bin/mkdir
ac_cv_prog_AWK=gawk
ac_cv_prog_CPP='gcc -E'
ac_cv_prog_CXXCPP='g++ -E'
ac_cv_prog_ac_ct_AR=ar
ac_cv_prog_ac_ct_CC=gcc
ac_cv_prog_ac_ct_CXX=g++
ac_cv_prog_ac_ct_OBJDUMP=objdump
ac_cv_prog_ac_ct_RANLIB=ranlib
ac_cv_prog_ac_ct_STRIP=strip
ac_cv_prog_cc_c89=
ac_cv_prog_cc_g=yes
ac_cv_prog_cxx_g=yes
ac_cv_prog_make_make_set=yes
ac_cv_type___int16=no
ac_cv_type_u_int16_t=yes
ac_cv_type_uint16_t=yes
am_cv_CC_dependencies_compiler_type=gcc3
am_cv_CXX_dependencies_compiler_type=gcc3
lt_cv_deplibs_check_method=pass_all
lt_cv_file_magic_cmd='$MAGIC_CMD'
lt_cv_file_magic_test_file=
lt_cv_ld_reload_flag=-r
lt_cv_nm_interface='BSD nm'
lt_cv_objdir=.libs
lt_cv_path_LD=/usr/bin/ld
lt_cv_path_LDCXX='/usr/bin/ld -m elf_x86_64'
lt_cv_path_NM='/usr/bin/nm -B'
lt_cv_prog_compiler_c_o=yes
lt_cv_prog_compiler_c_o_CXX=yes
lt_cv_prog_compiler_pic_works=yes
lt_cv_prog_compiler_pic_works_CXX=yes
lt_cv_prog_compiler_rtti_exceptions=no
lt_cv_prog_compiler_static_works=yes
lt_cv_prog_compiler_static_works_CXX=yes
lt_cv_prog_gnu_ld=yes
lt_cv_prog_gnu_ldcxx=yes
lt_cv_sys_global_symbol_pipe='sed -n -e '\''s/^.*[	 ]\([ABCDGIRSTW][ABCDGIRSTW]*\)[	 ][	 ]*\([_A-Za-z][_A-Za-z0-9]*\)$/\1 \2 \2/p'\'''
lt_cv_sys_global_symbol_to_c_name_address='sed -n -e '\''s/^: \([^ ]*\) $/  {\"\1\", (void *) 0},/p'\'' -e '\''s/^[ABCDGIRSTW]* \([^ ]*\) \([^ ]*\)$/  {"\2", (void *) \&\2},/p'\'''
lt_cv_sys_global_symbol_to_c_name_address_lib_prefix='sed -n -e '\''s/^: \([^ ]*\) $/  {\"\1\", (void *) 0},/p'\'' -e '\''s/^[ABCDGIRSTW]* \([^ ]*\) \(lib[^ ]*\)$/  {"\2", (void *) \&\2},/p'\'' -e '\''s/^[ABCDGIRSTW]* \([^ ]*\) \([^ ]*\)$/  {"lib\2", (void *) \&\2},/p'\'''
lt_cv_sys_global_symbol_to_cdecl='sed -n -e '\''s/^T .* \(.*\)$/extern int \1();/p'\'' -e '\''s/^[ABCDGIRSTW]* .* \(.*\)$/extern char \1;/p'\'''
lt_cv_sys_max_cmd_len=1572864

## ----------------- ##
## Output variables. ##
## ----------------- ##

ACLOCAL='${SHELL} /home/tmroeder/src/fileProxy/src/third_party/gflags/missing --run aclocal-1.10'
AMDEPBACKSLASH='\'
AMDEP_FALSE='#'
AMDEP_TRUE=''
AMTAR='${SHELL} /home/tmroeder/src/fileProxy/src/third_party/gflags/missing --run tar'
AR='ar'
AUTOCONF='${SHELL} /home/tmroeder/src/fileProxy/src/third_party/gflags/missing --run autoconf'
AUTOHEADER='${SHELL} /home/tmroeder/src/fileProxy/src/third_party/gflags/missing --run autoheader'
AUTOMAKE='${SHELL} /home/tmroeder/src/fileProxy/src/third_party/gflags/missing --run automake-1.10'
AWK='gawk'
CC='gcc'
CCDEPMODE='depmode=gcc3'
CFLAGS='-g -O2'
CPP='gcc -E'
CPPFLAGS=''
CXX='g++'
CXXCPP='g++ -E'
CXXDEPMODE='depmode=gcc3'
CXXFLAGS='-g -O2'
CYGPATH_W='echo'
DEFS='-DHAVE_CONFIG_H'
DEPDIR='.deps'
DSYMUTIL=''
DUMPBIN=''
ECHO_C=''
ECHO_N='-n'
ECHO_T=''
EGREP='/bin/grep -E'
EXEEXT=''
FGREP='/bin/grep -F'
GCC_FALSE='#'
GCC_TRUE=''
GREP='/bin/grep'
INSTALL_DATA='${INSTALL} -m 644'
INSTALL_PROGRAM='${INSTALL}'
INSTALL_SCRIPT='${INSTALL}'
INSTALL_STRIP_PROGRAM='$(install_sh) -c -s'
LD='/usr/bin/ld -m elf_x86_64'
LDFLAGS=''
LIBOBJS=''
LIBS=''
LIBSTDCXX_LA_LINKER_FLAG=''
LIBTOOL='$(SHELL) $(top_builddir)/libtool'
LIBTOOL_DEPS='./ltmain.sh'
LIPO=''
LN_S='ln -s'
LTLIBOBJS=''
MAKEINFO='${SHELL} /home/tmroeder/src/fileProxy/src/third_party/gflags/missing --run makeinfo'
MKDIR_P='/bin/mkdir -p'
NM='/usr/bin/nm -B'
NMEDIT=''
OBJDUMP='objdump'
OBJEXT='o'
OTOOL64=''
OTOOL=''
PACKAGE='gflags'
PACKAGE_BUGREPORT='google-gflags@googlegroups.com'
PACKAGE_NAME='gflags'
PACKAGE_STRING='gflags 2.0'
PACKAGE_TARNAME='gflags'
PACKAGE_VERSION='2.0'
PATH_SEPARATOR=':'
PTHREAD_CC='gcc'
PTHREAD_CFLAGS='-pthread'
PTHREAD_LIBS=' -lpthread'
RANLIB='ranlib'
SED='/bin/sed'
SET_MAKE=''
SHELL='/bin/sh'
SO_VERSION='3:0:1'
STRIP='strip'
TEST_TMPDIR='/tmp/gflags'
VERSION='2.0'
ac_ct_CC='gcc'
ac_ct_CXX='g++'
ac_ct_DUMPBIN=''
ac_cv___attribute__unused='__attribute__ ((unused))'
ac_cv_have___int16='0'
ac_cv_have_inttypes_h='1'
ac_cv_have_stdint_h='1'
ac_cv_have_systypes_h='1'
ac_cv_have_u_int16_t='1'
ac_cv_have_uint16_t='1'
ac_google_end_namespace='}'
ac_google_namespace='::google'
ac_google_start_namespace='namespace google {'
acx_pthread_config=''
am__fastdepCC_FALSE='#'
am__fastdepCC_TRUE=''
am__fastdepCXX_FALSE='#'
am__fastdepCXX_TRUE=''
am__include='include'
am__isrc=''
am__leading_dot='.'
am__quote=''
am__tar='${AMTAR} chof - "$$tardir"'
am__untar='${AMTAR} xf -'
bindir='${exec_prefix}/bin'
build='x86_64-unknown-linux-gnu'
build_alias=''
build_cpu='x86_64'
build_os='linux-gnu'
build_vendor='unknown'
datadir='${datarootdir}'
datarootdir='${prefix}/share'
docdir='${datarootdir}/doc/${PACKAGE_TARNAME}'
dvidir='${docdir}'
exec_prefix='${prefix}'
host='x86_64-unknown-linux-gnu'
host_alias=''
host_cpu='x86_64'
host_os='linux-gnu'
host_vendor='unknown'
htmldir='${docdir}'
includedir='${prefix}/include'
infodir='${datarootdir}/info'
install_sh='$(SHELL) /home/tmroeder/src/fileProxy/src/third_party/gflags/install-sh'
libdir='${exec_prefix}/lib'
libexecdir='${exec_prefix}/libexec'
localedir='${datarootdir}/locale'
localstatedir='${prefix}/var'
lt_ECHO='echo'
mandir='${datarootdir}/man'
mkdir_p='/bin/mkdir -p'
oldincludedir='/usr/include'
pdfdir='${docdir}'
prefix='/usr/local'
program_transform_name='s,x,x,'
psdir='${docdir}'
sbindir='${exec_prefix}/sbin'
sharedstatedir='${prefix}/com'
sysconfdir='${prefix}/etc'
target_alias=''

## ----------- ##
## confdefs.h. ##
## ----------- ##

#define PACKAGE_NAME "gflags"
#define PACKAGE_TARNAME "gflags"
#define PACKAGE_VERSION "2.0"
#define PACKAGE_STRING "gflags 2.0"
#define PACKAGE_BUGREPORT "google-gflags@googlegroups.com"
#define PACKAGE "gflags"
#define VERSION "2.0"
#define STDC_HEADERS 1
#define HAVE_SYS_TYPES_H 1
#define HAVE_SYS_STAT_H 1
#define HAVE_STDLIB_H 1
#define HAVE_STRING_H 1
#define HAVE_MEMORY_H 1
#define HAVE_STRINGS_H 1
#define HAVE_INTTYPES_H 1
#define HAVE_STDINT_H 1
#define HAVE_UNISTD_H 1
#define HAVE_DLFCN_H 1
#define LT_OBJDIR ".libs/"
#define STDC_HEADERS 1
#define HAVE_FNMATCH_H 1
#define HAVE_SYS_STAT_H 1
#define HAVE_UNISTD_H 1
#define HAVE_STRTOLL 1
#define HAVE_STRTOQ 1
#define HAVE___ATTRIBUTE__ 1
#define HAVE_PTHREAD 1
#define HAVE_NAMESPACES 1
#define STL_NAMESPACE std
#define GOOGLE_NAMESPACE ::google
#define _START_GOOGLE_NAMESPACE_ namespace google {
#define _END_GOOGLE_NAMESPACE_ }
#define GFLAGS_DLL_DECL /**/

configure: exit 0
